#
# There is insufficient memory for the Java Runtime Environment to continue.
# Native memory allocation (malloc) failed to allocate 1048576 bytes for AllocateHeap
# Possible reasons:
#   The system is out of physical RAM or swap space
#   The process is running with CompressedOops enabled, and the Java Heap may be blocking the growth of the native heap
# Possible solutions:
#   Reduce memory load on the system
#   Increase physical memory or swap space
#   Check if swap backing store is full
#   Decrease Java heap size (-Xmx/-Xms)
#   Decrease number of Java threads
#   Decrease Java thread stack sizes (-Xss)
#   Set larger code cache with -XX:ReservedCodeCacheSize=
#   JVM is running with Unscaled Compressed Oops mode in which the Java heap is
#     placed in the first 4GB address space. The Java Heap base address is the
#     maximum limit for the native heap growth. Please use -XX:HeapBaseMinAddress
#     to set the Java Heap base and to place the Java Heap above 4GB virtual address.
# This output file may be truncated or incomplete.
#
#  Out of Memory Error (allocation.cpp:44), pid=13256, tid=18616
#
# JRE version: OpenJDK Runtime Environment Temurin-17.0.2+8 (17.0.2+8) (build 17.0.2+8)
# Java VM: OpenJDK 64-Bit Server VM Temurin-17.0.2+8 (17.0.2+8, mixed mode, emulated-client, tiered, compressed oops, compressed class ptrs, g1 gc, windows-amd64)
# No core dump will be written. Minidumps are not enabled by default on client versions of Windows
#

---------------  S U M M A R Y ------------

Command Line: -Dsts.lsp.client=vscode -Dsts.log.file=/dev/null -XX:TieredStopAtLevel=1 -Dspring.config.location=file:c:\Users\Fzefeng\.vscode\extensions\pivotal.vscode-spring-boot-1.32.0\language-server\BOOT-INF\classes\application.properties org.springframework.ide.vscode.boot.app.BootLanguageServerBootApp

Host: Intel(R) Core(TM) i5-7200U CPU @ 2.50GHz, 4 cores, 7G,  Windows 10 , 64 bit Build 18362 (10.0.18362.1500)
Time: Tue Apr 12 12:47:00 2022 中国标准时间 elapsed time: 250435.615964 seconds (2d 21h 33m 55s)

---------------  T H R E A D  ---------------

Current thread (0x000001bf199677e0):  VMThread "VM Thread" [stack: 0x00000009e0c00000,0x00000009e0d00000] [id=18616]

Stack: [0x00000009e0c00000,0x00000009e0d00000]
Native frames: (J=compiled Java code, j=interpreted, Vv=VM code, C=native code)
V  [jvm.dll+0x67564a]
V  [jvm.dll+0x82fc04]
V  [jvm.dll+0x8313ae]
V  [jvm.dll+0x831a13]
V  [jvm.dll+0x245235]
V  [jvm.dll+0xa6393]
V  [jvm.dll+0x2f5233]
V  [jvm.dll+0x2f0f70]
V  [jvm.dll+0x2d96c7]
V  [jvm.dll+0x31c6b7]
V  [jvm.dll+0x835ebb]
V  [jvm.dll+0x836bf4]
V  [jvm.dll+0x83710c]
V  [jvm.dll+0x8374e4]
V  [jvm.dll+0x8375b0]
V  [jvm.dll+0x7dff2a]
V  [jvm.dll+0x6744d5]
C  [ucrtbase.dll+0x210b2]
C  [KERNEL32.DLL+0x17c24]
C  [ntdll.dll+0x6d721]

VM_Operation (0x00000009e1dfeaf0): G1CollectFull, mode: safepoint, requested by thread 0x000001bf1aaf9510


---------------  P R O C E S S  ---------------

Threads class SMR info:
_java_thread_list=0x000001bf1aeda5a0, length=19, elements={
0x000001bf1998e390, 0x000001bf1998f8b0, 0x000001bf199d7a60, 0x000001bf1999dfe0,
0x000001bf199a0150, 0x000001bf199a0a10, 0x000001bf1a40c090, 0x000001bf1a40c5a0,
0x000001bf1a5524b0, 0x000001bf1a556c30, 0x000001bf1aaf9510, 0x000001bf1a871780,
0x000001bf0cf36990, 0x000001bf1c75e2a0, 0x000001bf1c77f570, 0x000001bf1c6318c0,
0x000001bf1c7e08e0, 0x000001bf1c829f70, 0x000001bf1ca34550
}

Java Threads: ( => current thread )
  0x000001bf1998e390 JavaThread "Reference Handler" daemon [_thread_blocked, id=18804, stack(0x00000009e0d00000,0x00000009e0e00000)]
  0x000001bf1998f8b0 JavaThread "Finalizer" daemon [_thread_blocked, id=15336, stack(0x00000009e0e00000,0x00000009e0f00000)]
  0x000001bf199d7a60 JavaThread "Signal Dispatcher" daemon [_thread_blocked, id=4172, stack(0x00000009e0f00000,0x00000009e1000000)]
  0x000001bf1999dfe0 JavaThread "Attach Listener" daemon [_thread_blocked, id=1740, stack(0x00000009e1000000,0x00000009e1100000)]
  0x000001bf199a0150 JavaThread "Service Thread" daemon [_thread_blocked, id=20560, stack(0x00000009e1100000,0x00000009e1200000)]
  0x000001bf199a0a10 JavaThread "Monitor Deflation Thread" daemon [_thread_blocked, id=19532, stack(0x00000009e1200000,0x00000009e1300000)]
  0x000001bf1a40c090 JavaThread "C1 CompilerThread0" daemon [_thread_blocked, id=20520, stack(0x00000009e1300000,0x00000009e1400000)]
  0x000001bf1a40c5a0 JavaThread "Sweeper thread" daemon [_thread_blocked, id=21432, stack(0x00000009e1400000,0x00000009e1500000)]
  0x000001bf1a5524b0 JavaThread "Notification Thread" daemon [_thread_blocked, id=10164, stack(0x00000009e1700000,0x00000009e1800000)]
  0x000001bf1a556c30 JavaThread "Common-Cleaner" daemon [_thread_blocked, id=19980, stack(0x00000009e1900000,0x00000009e1a00000)]
  0x000001bf1aaf9510 JavaThread "pool-5-thread-1" [_thread_blocked, id=2128, stack(0x00000009e1d00000,0x00000009e1e00000)]
  0x000001bf1a871780 JavaThread "LanguageServerApp-lifecycle" [_thread_blocked, id=19024, stack(0x00000009e1e00000,0x00000009e1f00000)]
  0x000001bf0cf36990 JavaThread "DestroyJavaVM" [_thread_blocked, id=21460, stack(0x00000009e0600000,0x00000009e0700000)]
  0x000001bf1c75e2a0 JavaThread "pool-6-thread-1" [_thread_in_native, id=14908, stack(0x00000009e1f00000,0x00000009e2000000)]
  0x000001bf1c77f570 JavaThread "Simple-Language-Server main thread" daemon [_thread_blocked, id=20236, stack(0x00000009e2000000,0x00000009e2100000)]
  0x000001bf1c6318c0 JavaThread "pool-7-thread-1" [_thread_blocked, id=10756, stack(0x00000009e2100000,0x00000009e2200000)]
  0x000001bf1c7e08e0 JavaThread "Reconciler-1" [_thread_blocked, id=20636, stack(0x00000009e2200000,0x00000009e2300000)]
  0x000001bf1c829f70 JavaThread "parallel-1" daemon [_thread_blocked, id=16032, stack(0x00000009e2300000,0x00000009e2400000)]
  0x000001bf1ca34550 JavaThread "pool-2-thread-1" [_thread_blocked, id=3252, stack(0x00000009e2700000,0x00000009e2800000)]

Other Threads:
=>0x000001bf199677e0 VMThread "VM Thread" [stack: 0x00000009e0c00000,0x00000009e0d00000] [id=18616]
  0x000001bf1a554990 WatcherThread [stack: 0x00000009e1800000,0x00000009e1900000] [id=1144]
  0x000001bf0cf74690 GCTaskThread "GC Thread#0" [stack: 0x00000009e0700000,0x00000009e0800000] [id=17672]
  0x000001bf1abd7970 GCTaskThread "GC Thread#1" [stack: 0x00000009e1a00000,0x00000009e1b00000] [id=12616]
  0x000001bf1abd01e0 GCTaskThread "GC Thread#2" [stack: 0x00000009e1b00000,0x00000009e1c00000] [id=19976]
  0x000001bf1ac4d380 GCTaskThread "GC Thread#3" [stack: 0x00000009e1c00000,0x00000009e1d00000] [id=7120]
  0x000001bf0cf85160 ConcurrentGCThread "G1 Main Marker" [stack: 0x00000009e0800000,0x00000009e0900000] [id=18488]
  0x000001bf0cf86220 ConcurrentGCThread "G1 Conc#0" [stack: 0x00000009e0900000,0x00000009e0a00000] [id=6120]
  0x000001bf0cffe270 ConcurrentGCThread "G1 Refine#0" [stack: 0x00000009e0a00000,0x00000009e0b00000] [id=6736]
  0x000001bf0cffeba0 ConcurrentGCThread "G1 Service" [stack: 0x00000009e0b00000,0x00000009e0c00000] [id=19108]

Threads with active compile tasks:

VM state: at safepoint (normal execution)

VM Mutex/Monitor currently owned by a thread:  ([mutex/lock_event])
[0x000001bf0cf32f70] Threads_lock - owner thread: 0x000001bf199677e0
[0x000001bf0cf32700] Heap_lock - owner thread: 0x000001bf1aaf9510

Heap address: 0x0000000081c00000, size: 2020 MB, Compressed Oops mode: 32-bit

CDS archive(s) not mapped
Compressed class space mapped at: 0x0000000100000000-0x0000000140000000, reserved size: 1073741824
Narrow klass base: 0x0000000000000000, Narrow klass shift: 3, Narrow klass range: 0x140000000

GC Precious Log:
 CPUs: 4 total, 4 available
 Memory: 8078M
 Large Page Support: Disabled
 NUMA Support: Disabled
 Compressed Oops: Enabled (32-bit)
 Heap Region Size: 1M
 Heap Min Capacity: 8M
 Heap Initial Capacity: 128M
 Heap Max Capacity: 2020M
 Pre-touch: Disabled
 Parallel Workers: 4
 Concurrent Workers: 1
 Concurrent Refinement Workers: 4
 Periodic GC: Disabled

Heap:
 garbage-first heap   total 45056K, used 18411K [0x0000000081c00000, 0x0000000100000000)
  region size 1024K, 7 young (7168K), 0 survivors (0K)
 Metaspace       used 32367K, committed 32832K, reserved 1081344K
  class space    used 4218K, committed 4416K, reserved 1048576K

Heap Regions: E=young(eden), S=young(survivor), O=old, HS=humongous(starts), HC=humongous(continues), CS=collection set, F=free, OA=open archive, CA=closed archive, TAMS=top-at-mark-start (previous, next)
|   0|0x0000000081c00000, 0x0000000081d00000, 0x0000000081d00000|100%| O|  |TAMS 0x0000000081d00000, 0x0000000081c00000| Untracked 
|   1|0x0000000081d00000, 0x0000000081dfffd8, 0x0000000081e00000| 99%| O|  |TAMS 0x0000000081dfffd8, 0x0000000081d00000| Untracked 
|   2|0x0000000081e00000, 0x0000000081f00000, 0x0000000081f00000|100%| O|  |TAMS 0x0000000081f00000, 0x0000000081e00000| Untracked 
|   3|0x0000000081f00000, 0x0000000082000000, 0x0000000082000000|100%| O|  |TAMS 0x0000000082000000, 0x0000000081f00000| Untracked 
|   4|0x0000000082000000, 0x00000000820ffff8, 0x0000000082100000| 99%| O|  |TAMS 0x00000000820ffff8, 0x0000000082000000| Untracked 
|   5|0x0000000082100000, 0x00000000821ffff0, 0x0000000082200000| 99%| O|  |TAMS 0x00000000821ffff0, 0x0000000082100000| Untracked 
|   6|0x0000000082200000, 0x00000000822ff320, 0x0000000082300000| 99%| O|  |TAMS 0x00000000822ff320, 0x0000000082200000| Untracked 
|   7|0x0000000082300000, 0x00000000823fffc0, 0x0000000082400000| 99%| O|  |TAMS 0x00000000823fffc0, 0x0000000082300000| Untracked 
|   8|0x0000000082400000, 0x0000000082500000, 0x0000000082500000|100%| O|  |TAMS 0x0000000082500000, 0x0000000082400000| Untracked 
|   9|0x0000000082500000, 0x00000000825fdaf0, 0x0000000082600000| 99%| O|  |TAMS 0x00000000825fdaf0, 0x0000000082500000| Untracked 
|  10|0x0000000082600000, 0x00000000826ffff8, 0x0000000082700000| 99%| O|  |TAMS 0x00000000826ffff8, 0x0000000082600000| Untracked 
|  11|0x0000000082700000, 0x00000000827f8fe0, 0x0000000082800000| 97%| O|  |TAMS 0x00000000827f8fe0, 0x0000000082700000| Untracked 
|  12|0x0000000082800000, 0x00000000828ffbf8, 0x0000000082900000| 99%| O|  |TAMS 0x00000000828ffbf8, 0x0000000082800000| Untracked 
|  13|0x0000000082900000, 0x0000000082904468, 0x0000000082a00000|  1%| O|  |TAMS 0x0000000082900000, 0x0000000082900000| Untracked 
|  14|0x0000000082a00000, 0x0000000082a01158, 0x0000000082b00000|  0%| O|  |TAMS 0x0000000082a00000, 0x0000000082a00000| Untracked 
|  15|0x0000000082b00000, 0x0000000082b00000, 0x0000000082c00000|  0%| F|  |TAMS 0x0000000082b00000, 0x0000000082b00000| Untracked 
|  16|0x0000000082c00000, 0x0000000082c00000, 0x0000000082d00000|  0%| F|  |TAMS 0x0000000082c00000, 0x0000000082c00000| Untracked 
|  17|0x0000000082d00000, 0x0000000082d00000, 0x0000000082e00000|  0%| F|  |TAMS 0x0000000082d00000, 0x0000000082d00000| Untracked 
|  18|0x0000000082e00000, 0x0000000082e00000, 0x0000000082f00000|  0%| F|  |TAMS 0x0000000082e00000, 0x0000000082e00000| Untracked 
|  19|0x0000000082f00000, 0x0000000082f00000, 0x0000000083000000|  0%| F|  |TAMS 0x0000000082f00000, 0x0000000082f00000| Untracked 
|  20|0x0000000083000000, 0x0000000083000000, 0x0000000083100000|  0%| F|  |TAMS 0x0000000083000000, 0x0000000083000000| Untracked 
|  21|0x0000000083100000, 0x0000000083100000, 0x0000000083200000|  0%| F|  |TAMS 0x0000000083100000, 0x0000000083100000| Untracked 
|  22|0x0000000083200000, 0x0000000083200000, 0x0000000083300000|  0%| F|  |TAMS 0x0000000083200000, 0x0000000083200000| Untracked 
|  23|0x0000000083300000, 0x0000000083300000, 0x0000000083400000|  0%| F|  |TAMS 0x0000000083300000, 0x0000000083300000| Untracked 
|  24|0x0000000083400000, 0x0000000083400000, 0x0000000083500000|  0%| F|  |TAMS 0x0000000083400000, 0x0000000083400000| Untracked 
|  25|0x0000000083500000, 0x0000000083500000, 0x0000000083600000|  0%| F|  |TAMS 0x0000000083500000, 0x0000000083500000| Untracked 
|  26|0x0000000083600000, 0x0000000083600000, 0x0000000083700000|  0%| F|  |TAMS 0x0000000083600000, 0x0000000083600000| Untracked 
|  27|0x0000000083700000, 0x0000000083700000, 0x0000000083800000|  0%| F|  |TAMS 0x0000000083700000, 0x0000000083700000| Untracked 
|  28|0x0000000083800000, 0x0000000083800000, 0x0000000083900000|  0%| F|  |TAMS 0x0000000083800000, 0x0000000083800000| Untracked 
|  29|0x0000000083900000, 0x0000000083900000, 0x0000000083a00000|  0%| F|  |TAMS 0x0000000083900000, 0x0000000083900000| Untracked 
|  30|0x0000000083a00000, 0x0000000083a00000, 0x0000000083b00000|  0%| F|  |TAMS 0x0000000083a00000, 0x0000000083a00000| Untracked 
|  31|0x0000000083b00000, 0x0000000083b00000, 0x0000000083c00000|  0%| F|  |TAMS 0x0000000083b00000, 0x0000000083b00000| Untracked 
|  32|0x0000000083c00000, 0x0000000083c00000, 0x0000000083d00000|  0%| F|  |TAMS 0x0000000083c00000, 0x0000000083c00000| Untracked 
|  33|0x0000000083d00000, 0x0000000083d00000, 0x0000000083e00000|  0%| F|  |TAMS 0x0000000083d00000, 0x0000000083d00000| Untracked 
|  34|0x0000000083e00000, 0x0000000083e00000, 0x0000000083f00000|  0%| F|  |TAMS 0x0000000083e00000, 0x0000000083e00000| Untracked 
|  35|0x0000000083f00000, 0x0000000083f00000, 0x0000000084000000|  0%| F|  |TAMS 0x0000000083f00000, 0x0000000083f00000| Untracked 
|  36|0x0000000084000000, 0x0000000084000000, 0x0000000084100000|  0%| F|  |TAMS 0x0000000084000000, 0x0000000084000000| Untracked 
|  37|0x0000000084100000, 0x00000000841ea9f8, 0x0000000084200000| 91%| E|  |TAMS 0x0000000084100000, 0x0000000084100000| Complete 
|  38|0x0000000084200000, 0x0000000084300000, 0x0000000084300000|100%| E|CS|TAMS 0x0000000084200000, 0x0000000084200000| Complete 
|  39|0x0000000084300000, 0x0000000084400000, 0x0000000084400000|100%| E|  |TAMS 0x0000000084300000, 0x0000000084300000| Complete 
|  40|0x0000000084400000, 0x0000000084500000, 0x0000000084500000|100%| E|CS|TAMS 0x0000000084400000, 0x0000000084400000| Complete 
|  41|0x0000000084500000, 0x0000000084600000, 0x0000000084600000|100%| E|CS|TAMS 0x0000000084500000, 0x0000000084500000| Complete 
|  42|0x0000000084600000, 0x0000000084700000, 0x0000000084700000|100%| E|CS|TAMS 0x0000000084600000, 0x0000000084600000| Complete 
|  43|0x0000000084700000, 0x0000000084800000, 0x0000000084800000|100%| E|CS|TAMS 0x0000000084700000, 0x0000000084700000| Complete 

Card table byte_map: [0x000001bf12fb0000,0x000001bf133b0000] _byte_map_base: 0x000001bf12ba2000

Marking Bits (Prev, Next): (CMBitMap*) 0x000001bf0cf74bf0, (CMBitMap*) 0x000001bf0cf74bb0
 Prev Bits: [0x000001bf15740000, 0x000001bf176d0000)
 Next Bits: [0x000001bf137b0000, 0x000001bf15740000)

Polling page: 0x000001bf0ace0000

Metaspace:

Usage:
  Non-class:     27.49 MB used.
      Class:      4.12 MB used.
       Both:     31.61 MB used.

Virtual space:
  Non-class space:       32.00 MB reserved,      27.75 MB ( 87%) committed,  4 nodes.
      Class space:        1.00 GB reserved,       4.31 MB ( <1%) committed,  1 nodes.
             Both:        1.03 GB reserved,      32.06 MB (  3%) committed. 

Chunk freelists:
   Non-Class:  3.75 MB
       Class:  3.80 MB
        Both:  7.55 MB

MaxMetaspaceSize: unlimited
CompressedClassSpaceSize: 1.00 GB
Initial GC threshold: 21.00 MB
Current GC threshold: 53.44 MB
CDS: off
MetaspaceReclaimPolicy: balanced
 - commit_granule_bytes: 65536.
 - commit_granule_words: 8192.
 - virtual_space_node_default_size: 1048576.
 - enlarge_chunks_in_place: 1.
 - new_chunks_are_fully_committed: 0.
 - uncommit_free_chunks: 1.
 - use_allocation_guard: 0.
 - handle_deallocations: 1.


Internal statistics:

num_allocs_failed_limit: 3.
num_arena_births: 370.
num_arena_deaths: 124.
num_vsnodes_births: 5.
num_vsnodes_deaths: 0.
num_space_committed: 513.
num_space_uncommitted: 0.
num_chunks_returned_to_freelist: 134.
num_chunks_taken_from_freelist: 1298.
num_chunk_merges: 43.
num_chunk_splits: 864.
num_chunks_enlarged: 643.
num_purges: 8.
num_inconsistent_stats: 0.

CodeCache: size=49152Kb used=7445Kb max_used=8367Kb free=41706Kb
 bounds [0x000001bf0fbb0000, 0x000001bf10420000, 0x000001bf12bb0000]
 total_blobs=4479 nmethods=3975 adapters=430
 compilation: enabled
              stopped_count=0, restarted_count=0
 full_count=0

Compilation events (20 events):
Event: 103243.953 Thread 0x000001bf1a40c090 3977       1       java.util.Calendar::getDisplayName (165 bytes)
Event: 103243.955 Thread 0x000001bf1a40c090 nmethod 3977 0x000001bf0fce3710 code [0x000001bf0fce3940, 0x000001bf0fce3e58]
Event: 103243.955 Thread 0x000001bf1a40c090 3978       1       java.util.Calendar::checkDisplayNameParams (67 bytes)
Event: 103243.956 Thread 0x000001bf1a40c090 nmethod 3978 0x000001bf0fce3210 code [0x000001bf0fce33c0, 0x000001bf0fce3618]
Event: 174192.902 Thread 0x000001bf1a40c090 3982       1       java.lang.invoke.LambdaForm::<init> (115 bytes)
Event: 174192.916 Thread 0x000001bf1a40c090 nmethod 3982 0x000001bf0fce2b10 code [0x000001bf0fce2ce0, 0x000001bf0fce3008]
Event: 174192.916 Thread 0x000001bf1a40c090 3983       1       java.lang.invoke.LambdaForm::fixResult (31 bytes)
Event: 174192.916 Thread 0x000001bf1a40c090 nmethod 3983 0x000001bf0fce2790 code [0x000001bf0fce2920, 0x000001bf0fce2a38]
Event: 174192.916 Thread 0x000001bf1a40c090 3984   !   1       java.lang.invoke.LambdaForm::compileToBytecode (164 bytes)
Event: 174192.925 Thread 0x000001bf1a40c090 nmethod 3984 0x000001bf0fce1710 code [0x000001bf0fce1980, 0x000001bf0fce21a8]
Event: 174192.925 Thread 0x000001bf1a40c090 3985       1       java.lang.invoke.InvokerBytecodeGenerator::generateCustomizedCode (34 bytes)
Event: 174192.930 Thread 0x000001bf1a40c090 nmethod 3985 0x000001bf0fce0e90 code [0x000001bf0fce10a0, 0x000001bf0fce1498]
Event: 174192.930 Thread 0x000001bf1a40c090 3986       1       java.lang.invoke.InvokerBytecodeGenerator::lookupPregenerated (291 bytes)
Event: 174192.935 Thread 0x000001bf1a40c090 nmethod 3986 0x000001bf0fcdfd10 code [0x000001bf0fcdffe0, 0x000001bf0fce0988]
Event: 174192.961 Thread 0x000001bf1a40c090 3987       1       java.io.PrintStream::ensureOpen (18 bytes)
Event: 174192.962 Thread 0x000001bf1a40c090 nmethod 3987 0x000001bf0fcdf990 code [0x000001bf0fcdfb20, 0x000001bf0fcdfc88]
Event: 203805.006 Thread 0x000001bf1a40c090 3988 % !   1       java.util.concurrent.ThreadPoolExecutor::runWorker @ 21 (187 bytes)
Event: 203805.037 Thread 0x000001bf1a40c090 nmethod 3988% 0x000001bf0fcde710 code [0x000001bf0fcde960, 0x000001bf0fcdf2c8]
Event: 207256.543 Thread 0x000001bf1a40c090 3989   !   1       java.util.concurrent.ThreadPoolExecutor::runWorker (187 bytes)
Event: 207256.551 Thread 0x000001bf1a40c090 nmethod 3989 0x000001bf0fcdd990 code [0x000001bf0fcddbc0, 0x000001bf0fcde218]

GC Heap History (20 events):
Event: 250331.757 GC heap before
{Heap before GC invocations=24557 (full 24534):
 garbage-first heap   total 45056K, used 22507K [0x0000000081c00000, 0x0000000100000000)
  region size 1024K, 11 young (11264K), 0 survivors (0K)
 Metaspace       used 32367K, committed 32832K, reserved 1081344K
  class space    used 4218K, committed 4416K, reserved 1048576K
}
Event: 250331.793 GC heap after
{Heap after GC invocations=24558 (full 24535):
 garbage-first heap   total 45056K, used 13293K [0x0000000081c00000, 0x0000000100000000)
  region size 1024K, 0 young (0K), 0 survivors (0K)
 Metaspace       used 32367K, committed 32832K, reserved 1081344K
  class space    used 4218K, committed 4416K, reserved 1048576K
}
Event: 250342.079 GC heap before
{Heap before GC invocations=24558 (full 24535):
 garbage-first heap   total 45056K, used 18413K [0x0000000081c00000, 0x0000000100000000)
  region size 1024K, 7 young (7168K), 0 survivors (0K)
 Metaspace       used 32367K, committed 32832K, reserved 1081344K
  class space    used 4218K, committed 4416K, reserved 1048576K
}
Event: 250342.116 GC heap after
{Heap after GC invocations=24559 (full 24536):
 garbage-first heap   total 45056K, used 13291K [0x0000000081c00000, 0x0000000100000000)
  region size 1024K, 0 young (0K), 0 survivors (0K)
 Metaspace       used 32367K, committed 32832K, reserved 1081344K
  class space    used 4218K, committed 4416K, reserved 1048576K
}
Event: 250352.439 GC heap before
{Heap before GC invocations=24559 (full 24536):
 garbage-first heap   total 45056K, used 18411K [0x0000000081c00000, 0x0000000100000000)
  region size 1024K, 7 young (7168K), 0 survivors (0K)
 Metaspace       used 32367K, committed 32832K, reserved 1081344K
  class space    used 4218K, committed 4416K, reserved 1048576K
}
Event: 250352.473 GC heap after
{Heap after GC invocations=24560 (full 24537):
 garbage-first heap   total 45056K, used 13291K [0x0000000081c00000, 0x0000000100000000)
  region size 1024K, 0 young (0K), 0 survivors (0K)
 Metaspace       used 32367K, committed 32832K, reserved 1081344K
  class space    used 4218K, committed 4416K, reserved 1048576K
}
Event: 250362.742 GC heap before
{Heap before GC invocations=24560 (full 24537):
 garbage-first heap   total 45056K, used 18411K [0x0000000081c00000, 0x0000000100000000)
  region size 1024K, 7 young (7168K), 0 survivors (0K)
 Metaspace       used 32367K, committed 32832K, reserved 1081344K
  class space    used 4218K, committed 4416K, reserved 1048576K
}
Event: 250362.771 GC heap after
{Heap after GC invocations=24561 (full 24538):
 garbage-first heap   total 45056K, used 13291K [0x0000000081c00000, 0x0000000100000000)
  region size 1024K, 0 young (0K), 0 survivors (0K)
 Metaspace       used 32367K, committed 32832K, reserved 1081344K
  class space    used 4218K, committed 4416K, reserved 1048576K
}
Event: 250373.768 GC heap before
{Heap before GC invocations=24561 (full 24538):
 garbage-first heap   total 45056K, used 18411K [0x0000000081c00000, 0x0000000100000000)
  region size 1024K, 7 young (7168K), 0 survivors (0K)
 Metaspace       used 32367K, committed 32832K, reserved 1081344K
  class space    used 4218K, committed 4416K, reserved 1048576K
}
Event: 250373.805 GC heap after
{Heap after GC invocations=24562 (full 24539):
 garbage-first heap   total 45056K, used 13291K [0x0000000081c00000, 0x0000000100000000)
  region size 1024K, 0 young (0K), 0 survivors (0K)
 Metaspace       used 32367K, committed 32832K, reserved 1081344K
  class space    used 4218K, committed 4416K, reserved 1048576K
}
Event: 250384.055 GC heap before
{Heap before GC invocations=24562 (full 24539):
 garbage-first heap   total 45056K, used 18411K [0x0000000081c00000, 0x0000000100000000)
  region size 1024K, 7 young (7168K), 0 survivors (0K)
 Metaspace       used 32367K, committed 32832K, reserved 1081344K
  class space    used 4218K, committed 4416K, reserved 1048576K
}
Event: 250384.090 GC heap after
{Heap after GC invocations=24563 (full 24540):
 garbage-first heap   total 45056K, used 13291K [0x0000000081c00000, 0x0000000100000000)
  region size 1024K, 0 young (0K), 0 survivors (0K)
 Metaspace       used 32367K, committed 32832K, reserved 1081344K
  class space    used 4218K, committed 4416K, reserved 1048576K
}
Event: 250394.365 GC heap before
{Heap before GC invocations=24563 (full 24540):
 garbage-first heap   total 45056K, used 18411K [0x0000000081c00000, 0x0000000100000000)
  region size 1024K, 7 young (7168K), 0 survivors (0K)
 Metaspace       used 32367K, committed 32832K, reserved 1081344K
  class space    used 4218K, committed 4416K, reserved 1048576K
}
Event: 250394.400 GC heap after
{Heap after GC invocations=24564 (full 24541):
 garbage-first heap   total 45056K, used 13291K [0x0000000081c00000, 0x0000000100000000)
  region size 1024K, 0 young (0K), 0 survivors (0K)
 Metaspace       used 32367K, committed 32832K, reserved 1081344K
  class space    used 4218K, committed 4416K, reserved 1048576K
}
Event: 250404.672 GC heap before
{Heap before GC invocations=24564 (full 24541):
 garbage-first heap   total 45056K, used 18411K [0x0000000081c00000, 0x0000000100000000)
  region size 1024K, 7 young (7168K), 0 survivors (0K)
 Metaspace       used 32367K, committed 32832K, reserved 1081344K
  class space    used 4218K, committed 4416K, reserved 1048576K
}
Event: 250404.704 GC heap after
{Heap after GC invocations=24565 (full 24542):
 garbage-first heap   total 45056K, used 13291K [0x0000000081c00000, 0x0000000100000000)
  region size 1024K, 0 young (0K), 0 survivors (0K)
 Metaspace       used 32367K, committed 32832K, reserved 1081344K
  class space    used 4218K, committed 4416K, reserved 1048576K
}
Event: 250414.960 GC heap before
{Heap before GC invocations=24565 (full 24542):
 garbage-first heap   total 45056K, used 18411K [0x0000000081c00000, 0x0000000100000000)
  region size 1024K, 7 young (7168K), 0 survivors (0K)
 Metaspace       used 32367K, committed 32832K, reserved 1081344K
  class space    used 4218K, committed 4416K, reserved 1048576K
}
Event: 250414.995 GC heap after
{Heap after GC invocations=24566 (full 24543):
 garbage-first heap   total 45056K, used 13291K [0x0000000081c00000, 0x0000000100000000)
  region size 1024K, 0 young (0K), 0 survivors (0K)
 Metaspace       used 32367K, committed 32832K, reserved 1081344K
  class space    used 4218K, committed 4416K, reserved 1048576K
}
Event: 250425.146 GC heap before
{Heap before GC invocations=24566 (full 24543):
 garbage-first heap   total 45056K, used 18411K [0x0000000081c00000, 0x0000000100000000)
  region size 1024K, 7 young (7168K), 0 survivors (0K)
 Metaspace       used 32367K, committed 32832K, reserved 1081344K
  class space    used 4218K, committed 4416K, reserved 1048576K
}
Event: 250425.171 GC heap after
{Heap after GC invocations=24567 (full 24544):
 garbage-first heap   total 45056K, used 13291K [0x0000000081c00000, 0x0000000100000000)
  region size 1024K, 0 young (0K), 0 survivors (0K)
 Metaspace       used 32367K, committed 32832K, reserved 1081344K
  class space    used 4218K, committed 4416K, reserved 1048576K
}

Deoptimization events (16 events):
Event: 3.123 Thread 0x000001bf0cf36990 DEOPT PACKING pc=0x000001bf0ff1d9f5 sp=0x00000009e06fdc00
Event: 3.123 Thread 0x000001bf0cf36990 DEOPT UNPACKING pc=0x000001bf0fc02b43 sp=0x00000009e06fd070 mode 3
Event: 4.011 Thread 0x000001bf0cf36990 DEOPT PACKING pc=0x000001bf10023219 sp=0x00000009e06fd3b0
Event: 4.011 Thread 0x000001bf0cf36990 DEOPT UNPACKING pc=0x000001bf0fc02b43 sp=0x00000009e06fc890 mode 3
Event: 4.683 Thread 0x000001bf0cf36990 DEOPT PACKING pc=0x000001bf100e2575 sp=0x00000009e06fd080
Event: 4.683 Thread 0x000001bf0cf36990 DEOPT UNPACKING pc=0x000001bf0fc02b43 sp=0x00000009e06fc4f0 mode 3
Event: 4.857 Thread 0x000001bf0cf36990 DEOPT PACKING pc=0x000001bf1012db9d sp=0x00000009e06fb430
Event: 4.857 Thread 0x000001bf0cf36990 DEOPT UNPACKING pc=0x000001bf0fc02b43 sp=0x00000009e06fa948 mode 3
Event: 7.373 Thread 0x000001bf1c77f570 DEOPT PACKING pc=0x000001bf102318b5 sp=0x00000009e20fdaf0
Event: 7.373 Thread 0x000001bf1c77f570 DEOPT UNPACKING pc=0x000001bf0fc02b43 sp=0x00000009e20fd018 mode 3
Event: 8.042 Thread 0x000001bf1c75e2a0 DEOPT PACKING pc=0x000001bf10029d81 sp=0x00000009e1ffdcc0
Event: 8.042 Thread 0x000001bf1c75e2a0 DEOPT UNPACKING pc=0x000001bf0fc02b43 sp=0x00000009e1ffd150 mode 3
Event: 9.148 Thread 0x000001bf1c77f570 DEOPT PACKING pc=0x000001bf10020f17 sp=0x00000009e20ff100
Event: 9.148 Thread 0x000001bf1c77f570 DEOPT UNPACKING pc=0x000001bf0fc02b43 sp=0x00000009e20fe558 mode 3
Event: 1980.255 Thread 0x000001bf1c75e2a0 DEOPT PACKING pc=0x000001bf1015dd54 sp=0x00000009e1fff1c0
Event: 1980.257 Thread 0x000001bf1c75e2a0 DEOPT UNPACKING pc=0x000001bf0fc02b43 sp=0x00000009e1ffe668 mode 0

Classes unloaded (20 events):
Event: 88.076 Thread 0x000001bf199677e0 Unloading class 0x0000000100439c00 'java/lang/invoke/LambdaForm$MH+0x0000000100439c00'
Event: 88.076 Thread 0x000001bf199677e0 Unloading class 0x0000000100439800 'java/lang/invoke/LambdaForm$MH+0x0000000100439800'
Event: 88.076 Thread 0x000001bf199677e0 Unloading class 0x0000000100439400 'java/lang/invoke/LambdaForm$MH+0x0000000100439400'
Event: 88.076 Thread 0x000001bf199677e0 Unloading class 0x0000000100438c00 'java/lang/invoke/LambdaForm$MH+0x0000000100438c00'
Event: 88.076 Thread 0x000001bf199677e0 Unloading class 0x0000000100438800 'java/lang/invoke/LambdaForm$MH+0x0000000100438800'
Event: 88.076 Thread 0x000001bf199677e0 Unloading class 0x00000001003f3800 'java/lang/invoke/LambdaForm$MH+0x00000001003f3800'
Event: 88.076 Thread 0x000001bf199677e0 Unloading class 0x0000000100318400 'java/lang/invoke/LambdaForm$MH+0x0000000100318400'
Event: 88.076 Thread 0x000001bf199677e0 Unloading class 0x0000000100318000 'java/lang/invoke/LambdaForm$MH+0x0000000100318000'
Event: 88.076 Thread 0x000001bf199677e0 Unloading class 0x0000000100308400 'java/lang/invoke/LambdaForm$MH+0x0000000100308400'
Event: 88.076 Thread 0x000001bf199677e0 Unloading class 0x00000001002e1800 'java/lang/invoke/LambdaForm$MH+0x00000001002e1800'
Event: 98.636 Thread 0x000001bf199677e0 Unloading class 0x00000001003f1c00 'java/lang/invoke/LambdaForm$MH+0x00000001003f1c00'
Event: 98.636 Thread 0x000001bf199677e0 Unloading class 0x00000001003f1800 'java/lang/invoke/LambdaForm$MH+0x00000001003f1800'
Event: 98.636 Thread 0x000001bf199677e0 Unloading class 0x00000001003f1400 'java/lang/invoke/LambdaForm$MH+0x00000001003f1400'
Event: 98.636 Thread 0x000001bf199677e0 Unloading class 0x00000001003f1000 'java/lang/invoke/LambdaForm$MH+0x00000001003f1000'
Event: 98.636 Thread 0x000001bf199677e0 Unloading class 0x00000001003f0c00 'java/lang/invoke/LambdaForm$MH+0x00000001003f0c00'
Event: 98.636 Thread 0x000001bf199677e0 Unloading class 0x00000001003f0800 'java/lang/invoke/LambdaForm$MH+0x00000001003f0800'
Event: 98.636 Thread 0x000001bf199677e0 Unloading class 0x00000001002e1400 'java/lang/invoke/LambdaForm$MH+0x00000001002e1400'
Event: 2019.533 Thread 0x000001bf199677e0 Unloading class 0x000000010043a400 'java/lang/invoke/LambdaForm$MH+0x000000010043a400'
Event: 2019.533 Thread 0x000001bf199677e0 Unloading class 0x000000010043ac00 'java/lang/invoke/LambdaForm$MH+0x000000010043ac00'
Event: 2019.533 Thread 0x000001bf199677e0 Unloading class 0x00000001002e1400 'java/lang/invoke/LambdaForm$MH+0x00000001002e1400'

Classes redefined (0 events):
No events

Internal exceptions (20 events):
Event: 5.094 Thread 0x000001bf0cf36990 Exception <a 'java/lang/NoSuchMethodError'{0x0000000083310508}: 'java.lang.Object java.lang.invoke.DirectMethodHandle$Holder.newInvokeSpecial(java.lang.Object, java.lang.Object, java.lang.Object, int, java.lang.Object)'> (0x0000000083310508) 
thrown [e:\jenkins\tmp\workspace\build\src\src\hotspot\share\interpreter\linkResolver.cpp, line 766]
Event: 5.097 Thread 0x000001bf0cf36990 Exception <a 'java/lang/NoSuchMethodError'{0x00000000833247e0}: 'void java.lang.invoke.DirectMethodHandle$Holder.invokeSpecialIFC(java.lang.Object, java.lang.Object, java.lang.Object)'> (0x00000000833247e0) 
thrown [e:\jenkins\tmp\workspace\build\src\src\hotspot\share\interpreter\linkResolver.cpp, line 766]
Event: 5.792 Thread 0x000001bf0cf36990 Exception <a 'java/lang/NoSuchMethodError'{0x0000000088de84b0}: 'void java.lang.invoke.DirectMethodHandle$Holder.invokeVirtual(java.lang.Object, java.lang.Object)'> (0x0000000088de84b0) 
thrown [e:\jenkins\tmp\workspace\build\src\src\hotspot\share\interpreter\linkResolver.cpp, line 766]
Event: 6.062 Thread 0x000001bf0cf36990 Exception <a 'java/lang/NoSuchMethodError'{0x0000000088aac7b0}: 'int java.lang.invoke.DirectMethodHandle$Holder.invokeSpecial(java.lang.Object, java.lang.Object, java.lang.Object, java.lang.Object, java.lang.Object)'> (0x0000000088aac7b0) 
thrown [e:\jenkins\tmp\workspace\build\src\src\hotspot\share\interpreter\linkResolver.cpp, line 766]
Event: 6.728 Thread 0x000001bf0cf36990 Exception <a 'java/lang/IncompatibleClassChangeError'{0x0000000083cc8620}: Found class java.lang.Object, but interface was expected> (0x0000000083cc8620) 
thrown [e:\jenkins\tmp\workspace\build\src\src\hotspot\share\interpreter\linkResolver.cpp, line 833]
Event: 6.735 Thread 0x000001bf0cf36990 Exception <a 'java/lang/NoSuchMethodError'{0x0000000083b01368}: 'java.lang.Object java.lang.invoke.DirectMethodHandle$Holder.invokeVirtual(java.lang.Object, java.lang.Object, java.lang.Object, java.lang.Object)'> (0x0000000083b01368) 
thrown [e:\jenkins\tmp\workspace\build\src\src\hotspot\share\interpreter\linkResolver.cpp, line 766]
Event: 6.909 Thread 0x000001bf0cf36990 Exception <a 'java/lang/NoSuchMethodError'{0x0000000083944648}: 'java.lang.Object java.lang.invoke.DirectMethodHandle$Holder.newInvokeSpecial(java.lang.Object, java.lang.Object, int, java.lang.Object, java.lang.Object)'> (0x0000000083944648) 
thrown [e:\jenkins\tmp\workspace\build\src\src\hotspot\share\interpreter\linkResolver.cpp, line 766]
Event: 7.364 Thread 0x000001bf1c77f570 Exception <a 'java/lang/NoSuchMethodError'{0x0000000088d0fff8}: 'java.lang.Object java.lang.invoke.DirectMethodHandle$Holder.invokeStatic(java.lang.Object, int, java.lang.Object)'> (0x0000000088d0fff8) 
thrown [e:\jenkins\tmp\workspace\build\src\src\hotspot\share\interpreter\linkResolver.cpp, line 766]
Event: 7.380 Thread 0x000001bf1c75e2a0 Exception <a 'java/lang/NoSuchMethodError'{0x0000000088d3dc68}: 'java.lang.Object java.lang.invoke.DirectMethodHandle$Holder.invokeStatic(java.lang.Object, java.lang.Object, java.lang.Object, int, java.lang.Object, java.lang.Object)'> (0x0000000088d3dc68) 
thrown [e:\jenkins\tmp\workspace\build\src\src\hotspot\share\interpreter\linkResolver.cpp, line 766]
Event: 7.607 Thread 0x000001bf1c7e08e0 Exception <a 'java/lang/NoSuchMethodError'{0x000000008492b288}: 'int java.lang.invoke.DirectMethodHandle$Holder.invokeStatic(java.lang.Object)'> (0x000000008492b288) 
thrown [e:\jenkins\tmp\workspace\build\src\src\hotspot\share\interpreter\linkResolver.cpp, line 766]
Event: 7.607 Thread 0x000001bf1c7e08e0 Exception <a 'java/lang/NoSuchMethodError'{0x000000008492e738}: 'int java.lang.invoke.DirectMethodHandle$Holder.invokeStaticInit(java.lang.Object)'> (0x000000008492e738) 
thrown [e:\jenkins\tmp\workspace\build\src\src\hotspot\share\interpreter\linkResolver.cpp, line 766]
Event: 7.724 Thread 0x000001bf1c6318c0 Exception <a 'java/lang/NoSuchMethodError'{0x00000000847eb6e0}: 'java.lang.Object java.lang.invoke.DirectMethodHandle$Holder.invokeInterface(java.lang.Object, java.lang.Object, java.lang.Object)'> (0x00000000847eb6e0) 
thrown [e:\jenkins\tmp\workspace\build\src\src\hotspot\share\interpreter\linkResolver.cpp, line 766]
Event: 7.761 Thread 0x000001bf1c82a440 Exception <a 'java/lang/NoSuchMethodError'{0x0000000084680760}: 'java.lang.Object java.lang.invoke.DirectMethodHandle$Holder.invokeStatic(java.lang.Object, java.lang.Object, long, java.lang.Object)'> (0x0000000084680760) 
thrown [e:\jenkins\tmp\workspace\build\src\src\hotspot\share\interpreter\linkResolver.cpp, line 766]
Event: 7.762 Thread 0x000001bf1c82a440 Exception <a 'java/lang/NoSuchMethodError'{0x0000000084684250}: 'java.lang.Object java.lang.invoke.DirectMethodHandle$Holder.invokeStaticInit(java.lang.Object, java.lang.Object, long, java.lang.Object)'> (0x0000000084684250) 
thrown [e:\jenkins\tmp\workspace\build\src\src\hotspot\share\interpreter\linkResolver.cpp, line 766]
Event: 7.762 Thread 0x000001bf1c82a440 Exception <a 'java/lang/NoSuchMethodError'{0x000000008468a580}: 'java.lang.Object java.lang.invoke.DirectMethodHandle$Holder.newInvokeSpecial(java.lang.Object, java.lang.Object, long)'> (0x000000008468a580) 
thrown [e:\jenkins\tmp\workspace\build\src\src\hotspot\share\interpreter\linkResolver.cpp, line 766]
Event: 7.762 Thread 0x000001bf1c82a440 Exception <a 'java/lang/NoSuchMethodError'{0x000000008468e0f0}: 'java.lang.Object java.lang.invoke.Invokers$Holder.linkToTargetMethod(java.lang.Object, long, java.lang.Object)'> (0x000000008468e0f0) 
thrown [e:\jenkins\tmp\workspace\build\src\src\hotspot\share\interpreter\linkResolver.cpp, line 766]
Event: 8.958 Thread 0x000001bf1c77f570 Exception <a 'java/lang/NoSuchMethodError'{0x00000000848265f8}: 'java.lang.Object java.lang.invoke.Invokers$Holder.invoke_MT(java.lang.Object, java.lang.Object, java.lang.Object)'> (0x00000000848265f8) 
thrown [e:\jenkins\tmp\workspace\build\src\src\hotspot\share\interpreter\linkResolver.cpp, line 766]
Event: 9.144 Thread 0x000001bf1c77f570 Exception <a 'java/lang/NoSuchMethodError'{0x0000000083f0b238}: 'java.lang.Object java.lang.invoke.DirectMethodHandle$Holder.newInvokeSpecial(java.lang.Object, java.lang.Object, int)'> (0x0000000083f0b238) 
thrown [e:\jenkins\tmp\workspace\build\src\src\hotspot\share\interpreter\linkResolver.cpp, line 766]
Event: 76.912 Thread 0x000001bf1aaf9510 Exception <a 'java/lang/NoSuchMethodError'{0x0000000089b6a9c8}: 'void java.lang.invoke.DirectMethodHandle$Holder.invokeStatic(java.lang.Object, long)'> (0x0000000089b6a9c8) 
thrown [e:\jenkins\tmp\workspace\build\src\src\hotspot\share\interpreter\linkResolver.cpp, line 766]
Event: 76.912 Thread 0x000001bf1aaf9510 Exception <a 'java/lang/NoSuchMethodError'{0x0000000089b6fd70}: 'java.lang.Object java.lang.invoke.DirectMethodHandle$Holder.newInvokeSpecial(java.lang.Object, long)'> (0x0000000089b6fd70) 
thrown [e:\jenkins\tmp\workspace\build\src\src\hotspot\share\interpreter\linkResolver.cpp, line 766]

VM Operations (20 events):
Event: 250331.793 Executing VM operation: G1CollectFull done
Event: 250342.079 Executing VM operation: G1CollectFull
Event: 250342.116 Executing VM operation: G1CollectFull done
Event: 250352.439 Executing VM operation: G1CollectFull
Event: 250352.474 Executing VM operation: G1CollectFull done
Event: 250362.742 Executing VM operation: G1CollectFull
Event: 250362.772 Executing VM operation: G1CollectFull done
Event: 250373.768 Executing VM operation: G1CollectFull
Event: 250373.805 Executing VM operation: G1CollectFull done
Event: 250384.055 Executing VM operation: G1CollectFull
Event: 250384.090 Executing VM operation: G1CollectFull done
Event: 250394.365 Executing VM operation: G1CollectFull
Event: 250394.400 Executing VM operation: G1CollectFull done
Event: 250404.672 Executing VM operation: G1CollectFull
Event: 250404.704 Executing VM operation: G1CollectFull done
Event: 250414.960 Executing VM operation: G1CollectFull
Event: 250414.996 Executing VM operation: G1CollectFull done
Event: 250425.146 Executing VM operation: G1CollectFull
Event: 250425.172 Executing VM operation: G1CollectFull done
Event: 250435.603 Executing VM operation: G1CollectFull

Events (20 events):
Event: 2180.105 Thread 0x000001bf1ca31ed0 Thread added: 0x000001bf1ca31ed0
Event: 2180.108 Thread 0x000001bf1ca34080 Thread added: 0x000001bf1ca34080
Event: 2240.243 Thread 0x000001bf1ca34080 Thread exited: 0x000001bf1ca34080
Event: 2300.244 Thread 0x000001bf1ca31ed0 Thread exited: 0x000001bf1ca31ed0
Event: 2483.404 Thread 0x000001bf1ca31530 Thread added: 0x000001bf1ca31530
Event: 2483.429 Thread 0x000001bf1ca34080 Thread added: 0x000001bf1ca34080
Event: 2543.799 Thread 0x000001bf1ca34080 Thread exited: 0x000001bf1ca34080
Event: 2594.725 Thread 0x000001bf1ca13450 Thread added: 0x000001bf1ca13450
Event: 2599.726 Thread 0x000001bf1ca13450 Thread exited: 0x000001bf1ca13450
Event: 2603.799 Thread 0x000001bf1ca31530 Thread exited: 0x000001bf1ca31530
Event: 17086.082 Thread 0x000001bf1ca31060 Thread added: 0x000001bf1ca31060
Event: 17146.651 Thread 0x000001bf1ca31060 Thread exited: 0x000001bf1ca31060
Event: 103248.989 Thread 0x000001bf1ca34a20 Thread added: 0x000001bf1ca34a20
Event: 103309.061 Thread 0x000001bf1ca34a20 Thread exited: 0x000001bf1ca34a20
Event: 103800.875 Thread 0x000001bf1ca31060 Thread added: 0x000001bf1ca31060
Event: 103866.328 Thread 0x000001bf1ca31060 Thread exited: 0x000001bf1ca31060
Event: 176935.461 Thread 0x000001bf1ca336e0 Thread added: 0x000001bf1ca336e0
Event: 176935.488 Thread 0x000001bf1ca33bb0 Thread added: 0x000001bf1ca33bb0
Event: 176995.612 Thread 0x000001bf1ca336e0 Thread exited: 0x000001bf1ca336e0
Event: 177055.612 Thread 0x000001bf1ca33bb0 Thread exited: 0x000001bf1ca33bb0


Dynamic libraries:
0x00007ff67d7c0000 - 0x00007ff67d7ce000 	c:\Users\Fzefeng\.vscode\extensions\redhat.java-1.4.0\jre\17.0.2-win32-x86_64\bin\java.exe
0x00007ffc5c6e0000 - 0x00007ffc5c8d0000 	C:\WINDOWS\SYSTEM32\ntdll.dll
0x00007ffc5bff0000 - 0x00007ffc5c0a2000 	C:\WINDOWS\System32\KERNEL32.DLL
0x00007ffc59650000 - 0x00007ffc598f5000 	C:\WINDOWS\System32\KERNELBASE.dll
0x00007ffc59900000 - 0x00007ffc599fa000 	C:\WINDOWS\System32\ucrtbase.dll
0x00007ffc3b6f0000 - 0x00007ffc3b708000 	c:\Users\Fzefeng\.vscode\extensions\redhat.java-1.4.0\jre\17.0.2-win32-x86_64\bin\jli.dll
0x00007ffc5c500000 - 0x00007ffc5c694000 	C:\WINDOWS\System32\USER32.dll
0x00007ffc59a00000 - 0x00007ffc59a21000 	C:\WINDOWS\System32\win32u.dll
0x00007ffc5bde0000 - 0x00007ffc5be06000 	C:\WINDOWS\System32\GDI32.dll
0x00007ffc5a450000 - 0x00007ffc5a5e8000 	C:\WINDOWS\System32\gdi32full.dll
0x00007ffc5a610000 - 0x00007ffc5a6ae000 	C:\WINDOWS\System32\msvcp_win.dll
0x00007ffc38a60000 - 0x00007ffc38a79000 	c:\Users\Fzefeng\.vscode\extensions\redhat.java-1.4.0\jre\17.0.2-win32-x86_64\bin\VCRUNTIME140.dll
0x00007ffc4b400000 - 0x00007ffc4b684000 	C:\WINDOWS\WinSxS\amd64_microsoft.windows.common-controls_6595b64144ccf1df_6.0.18362.1556_none_9e7e372fe45e41d5\COMCTL32.dll
0x00007ffc5a790000 - 0x00007ffc5a82e000 	C:\WINDOWS\System32\msvcrt.dll
0x00007ffc5c140000 - 0x00007ffc5c476000 	C:\WINDOWS\System32\combase.dll
0x00007ffc5a9d0000 - 0x00007ffc5aaef000 	C:\WINDOWS\System32\RPCRT4.dll
0x00007ffc5a260000 - 0x00007ffc5a2e1000 	C:\WINDOWS\System32\bcryptPrimitives.dll
0x00007ffc5a940000 - 0x00007ffc5a96e000 	C:\WINDOWS\System32\IMM32.DLL
0x00007ffc47990000 - 0x00007ffc4799c000 	c:\Users\Fzefeng\.vscode\extensions\redhat.java-1.4.0\jre\17.0.2-win32-x86_64\bin\vcruntime140_1.dll
0x00007ffc2f390000 - 0x00007ffc2f421000 	c:\Users\Fzefeng\.vscode\extensions\redhat.java-1.4.0\jre\17.0.2-win32-x86_64\bin\msvcp140.dll
0x00007ffbf1100000 - 0x00007ffbf1d47000 	c:\Users\Fzefeng\.vscode\extensions\redhat.java-1.4.0\jre\17.0.2-win32-x86_64\bin\server\jvm.dll
0x00007ffc5be70000 - 0x00007ffc5bf13000 	C:\WINDOWS\System32\ADVAPI32.dll
0x00007ffc5a830000 - 0x00007ffc5a8c7000 	C:\WINDOWS\System32\sechost.dll
0x00007ffc5ac90000 - 0x00007ffc5ac98000 	C:\WINDOWS\System32\PSAPI.DLL
0x00007ffc4a560000 - 0x00007ffc4a569000 	C:\WINDOWS\SYSTEM32\WSOCK32.dll
0x00007ffc5b7a0000 - 0x00007ffc5b80f000 	C:\WINDOWS\System32\WS2_32.dll
0x00007ffc52ec0000 - 0x00007ffc52ee4000 	C:\WINDOWS\SYSTEM32\WINMM.dll
0x00007ffc4bff0000 - 0x00007ffc4bffa000 	C:\WINDOWS\SYSTEM32\VERSION.dll
0x00007ffc52e90000 - 0x00007ffc52ebd000 	C:\WINDOWS\SYSTEM32\winmmbase.dll
0x00007ffc59a30000 - 0x00007ffc59a7a000 	C:\WINDOWS\System32\cfgmgr32.dll
0x00007ffc595a0000 - 0x00007ffc595b1000 	C:\WINDOWS\System32\kernel.appcore.dll
0x00007ffc389d0000 - 0x00007ffc389da000 	c:\Users\Fzefeng\.vscode\extensions\redhat.java-1.4.0\jre\17.0.2-win32-x86_64\bin\jimage.dll
0x00007ffc57e70000 - 0x00007ffc58064000 	C:\WINDOWS\SYSTEM32\DBGHELP.DLL
0x00007ffc4c270000 - 0x00007ffc4c29a000 	C:\WINDOWS\SYSTEM32\dbgcore.DLL
0x00007ffc36230000 - 0x00007ffc36255000 	c:\Users\Fzefeng\.vscode\extensions\redhat.java-1.4.0\jre\17.0.2-win32-x86_64\bin\java.dll
0x00007ffc36210000 - 0x00007ffc36228000 	c:\Users\Fzefeng\.vscode\extensions\redhat.java-1.4.0\jre\17.0.2-win32-x86_64\bin\zip.dll
0x00007ffc5af20000 - 0x00007ffc5b607000 	C:\WINDOWS\System32\SHELL32.dll
0x00007ffc5ae50000 - 0x00007ffc5aef8000 	C:\WINDOWS\System32\shcore.dll
0x00007ffc59ae0000 - 0x00007ffc5a25b000 	C:\WINDOWS\System32\windows.storage.dll
0x00007ffc595c0000 - 0x00007ffc595de000 	C:\WINDOWS\System32\profapi.dll
0x00007ffc595e0000 - 0x00007ffc5962a000 	C:\WINDOWS\System32\powrprof.dll
0x00007ffc59590000 - 0x00007ffc595a0000 	C:\WINDOWS\System32\UMPDC.dll
0x00007ffc5ac30000 - 0x00007ffc5ac82000 	C:\WINDOWS\System32\shlwapi.dll
0x00007ffc5a5f0000 - 0x00007ffc5a607000 	C:\WINDOWS\System32\cryptsp.dll
0x00007ffc361f0000 - 0x00007ffc36209000 	C:\Users\Fzefeng\.vscode\extensions\redhat.java-1.4.0\jre\17.0.2-win32-x86_64\bin\net.dll
0x00007ffc51670000 - 0x00007ffc5176a000 	C:\WINDOWS\SYSTEM32\WINHTTP.dll
0x00007ffc58dd0000 - 0x00007ffc58e37000 	C:\WINDOWS\system32\mswsock.dll
0x00007ffc361d0000 - 0x00007ffc361e5000 	C:\Users\Fzefeng\.vscode\extensions\redhat.java-1.4.0\jre\17.0.2-win32-x86_64\bin\nio.dll
0x00007ffc38770000 - 0x00007ffc38780000 	c:\Users\Fzefeng\.vscode\extensions\redhat.java-1.4.0\jre\17.0.2-win32-x86_64\bin\verify.dll
0x00007ffc47aa0000 - 0x00007ffc47aa9000 	C:\Users\Fzefeng\.vscode\extensions\redhat.java-1.4.0\jre\17.0.2-win32-x86_64\bin\management.dll
0x00007ffc47a90000 - 0x00007ffc47a9b000 	C:\Users\Fzefeng\.vscode\extensions\redhat.java-1.4.0\jre\17.0.2-win32-x86_64\bin\management_ext.dll
0x00007ffc48880000 - 0x00007ffc48896000 	C:\WINDOWS\system32\napinsp.dll
0x00007ffc48860000 - 0x00007ffc4887a000 	C:\WINDOWS\system32\pnrpnsp.dll
0x00007ffc58b20000 - 0x00007ffc58beb000 	C:\WINDOWS\SYSTEM32\DNSAPI.dll
0x00007ffc5c130000 - 0x00007ffc5c138000 	C:\WINDOWS\System32\NSI.dll
0x00007ffc58ae0000 - 0x00007ffc58b1a000 	C:\WINDOWS\SYSTEM32\IPHLPAPI.DLL
0x00007ffc484b0000 - 0x00007ffc484be000 	C:\WINDOWS\System32\winrnr.dll
0x00007ffc56dd0000 - 0x00007ffc56dec000 	C:\WINDOWS\system32\NLAapi.dll
0x00007ffc48490000 - 0x00007ffc484a5000 	C:\WINDOWS\system32\wshbth.dll
0x00007ffc50df0000 - 0x00007ffc50dfa000 	C:\Windows\System32\rasadhlp.dll
0x00007ffc554c0000 - 0x00007ffc55537000 	C:\WINDOWS\System32\fwpuclnt.dll
0x00007ffc5a6b0000 - 0x00007ffc5a6d6000 	C:\WINDOWS\System32\bcrypt.dll
0x00007ffc58950000 - 0x00007ffc58983000 	C:\WINDOWS\system32\rsaenh.dll
0x00007ffc59480000 - 0x00007ffc594a5000 	C:\WINDOWS\SYSTEM32\USERENV.dll
0x00007ffc58fa0000 - 0x00007ffc58fac000 	C:\WINDOWS\SYSTEM32\CRYPTBASE.dll
0x00007ffc57560000 - 0x00007ffc57576000 	C:\WINDOWS\SYSTEM32\dhcpcsvc6.DLL
0x00007ffc57540000 - 0x00007ffc5755c000 	C:\WINDOWS\SYSTEM32\dhcpcsvc.DLL
0x00007ffc47a80000 - 0x00007ffc47a89000 	C:\Users\Fzefeng\.vscode\extensions\redhat.java-1.4.0\jre\17.0.2-win32-x86_64\bin\attach.dll

dbghelp: loaded successfully - version: 4.0.5 - missing functions: none
symbol engine: initialized successfully - sym options: 0x614 - pdb path: .;c:\Users\Fzefeng\.vscode\extensions\redhat.java-1.4.0\jre\17.0.2-win32-x86_64\bin;C:\WINDOWS\SYSTEM32;C:\WINDOWS\WinSxS\amd64_microsoft.windows.common-controls_6595b64144ccf1df_6.0.18362.1556_none_9e7e372fe45e41d5;c:\Users\Fzefeng\.vscode\extensions\redhat.java-1.4.0\jre\17.0.2-win32-x86_64\bin\server

VM Arguments:
jvm_args: -Dsts.lsp.client=vscode -Dsts.log.file=/dev/null -XX:TieredStopAtLevel=1 -Dspring.config.location=file:c:\Users\Fzefeng\.vscode\extensions\pivotal.vscode-spring-boot-1.32.0\language-server\BOOT-INF\classes\application.properties 
java_command: org.springframework.ide.vscode.boot.app.BootLanguageServerBootApp
java_class_path (initial): c:\Users\Fzefeng\.vscode\extensions\pivotal.vscode-spring-boot-1.32.0\language-server\BOOT-INF\classes;c:\Users\Fzefeng\.vscode\extensions\pivotal.vscode-spring-boot-1.32.0\language-server\BOOT-INF\lib\antlr4-runtime-4.5.3.jar;c:\Users\Fzefeng\.vscode\extensions\pivotal.vscode-spring-boot-1.32.0\language-server\BOOT-INF\lib\byte-buddy-1.10.18.jar;c:\Users\Fzefeng\.vscode\extensions\pivotal.vscode-spring-boot-1.32.0\language-server\BOOT-INF\lib\commons-codec-1.14.jar;c:\Users\Fzefeng\.vscode\extensions\pivotal.vscode-spring-boot-1.32.0\language-server\BOOT-INF\lib\commons-io-2.4.jar;c:\Users\Fzefeng\.vscode\extensions\pivotal.vscode-spring-boot-1.32.0\language-server\BOOT-INF\lib\commons-java-1.32.0-SNAPSHOT.jar;c:\Users\Fzefeng\.vscode\extensions\pivotal.vscode-spring-boot-1.32.0\language-server\BOOT-INF\lib\commons-lang3-3.10.jar;c:\Users\Fzefeng\.vscode\extensions\pivotal.vscode-spring-boot-1.32.0\language-server\BOOT-INF\lib\commons-language-server-1.32.0-SNAPSHOT.jar;c:\Users\Fzefeng\.vscode\extensions\pivotal.vscode-spring-boot-1.32.0\language-server\BOOT-INF\lib\commons-lsp-extensions-1.32.0-SNAPSHOT.jar;c:\Users\Fzefeng\.vscode\extensions\pivotal.vscode-spring-boot-1.32.0\language-server\BOOT-INF\lib\commons-util-1.32.0-SNAPSHOT.jar;c:\Users\Fzefeng\.vscode\extensions\pivotal.vscode-spring-boot-1.32.0\language-server\BOOT-INF\lib\commons-yaml-1.32.0-SNAPSHOT.jar;c:\Users\Fzefeng\.vscode\extensions\pivotal.vscode-spring-boot-1.32.0\language-server\BOOT-INF\lib\gson-2.8.6.jar;c:\Users\Fzefeng\.vscode\extensions\pivotal.vscode-spring-boot-1.32.0\language-server\BOOT-INF\lib\guava-19.0.jar;c:\Users\Fzefeng\.vscode\extensions\pivotal.vscode-spring-boot-1.32.0\language-server\BOOT-INF\lib\jakarta.annotation-api-1.3.5.jar;c:\Users\Fzefeng\.vscode\extensions\pivotal.vscode-spring-boot-1.32.0\language-server\BOOT-INF\lib\jandex-2.0.5.Final.jar;c:\Users\Fzefeng\.vscode\extensions\pivotal.vscode-spring-boot-1.32.0\language-server\BOOT-INF\li
Launcher Type: SUN_STANDARD

[Global flags]
     intx CICompilerCount                          = 3                                         {product} {ergonomic}
     uint ConcGCThreads                            = 1                                         {product} {ergonomic}
     uint G1ConcRefinementThreads                  = 4                                         {product} {ergonomic}
   size_t G1HeapRegionSize                         = 1048576                                   {product} {ergonomic}
    uintx GCDrainStackTargetSize                   = 64                                        {product} {ergonomic}
   size_t InitialHeapSize                          = 134217728                                 {product} {ergonomic}
   size_t MarkStackSize                            = 4194304                                   {product} {ergonomic}
   size_t MaxHeapSize                              = 2118123520                                {product} {ergonomic}
   size_t MaxNewSize                               = 1270874112                                {product} {ergonomic}
   size_t MinHeapDeltaBytes                        = 1048576                                   {product} {ergonomic}
   size_t MinHeapSize                              = 8388608                                   {product} {ergonomic}
    uintx NonProfiledCodeHeapSize                  = 0                                      {pd product} {ergonomic}
     bool ProfileInterpreter                       = false                                  {pd product} {command line}
    uintx ProfiledCodeHeapSize                     = 0                                      {pd product} {ergonomic}
   size_t SoftMaxHeapSize                          = 2118123520                             {manageable} {ergonomic}
     intx TieredStopAtLevel                        = 1                                         {product} {command line}
     bool UseCompressedClassPointers               = true                           {product lp64_product} {ergonomic}
     bool UseCompressedOops                        = true                           {product lp64_product} {ergonomic}
     bool UseG1GC                                  = true                                      {product} {ergonomic}
     bool UseLargePagesIndividualAllocation        = false                                  {pd product} {ergonomic}

Logging:
Log output configuration:
 #0: stdout all=warning uptime,level,tags
 #1: stderr all=off uptime,level,tags

Environment Variables:
JAVA_HOME=C:\Program Files\Java\jdk-12.0.2
CLASSPATH=C:\Program Files\Java\jdk-12.0.2\lib;
PATH=C:\Program Files\Python37\Scripts\;C:\Program Files\Python37\;C:\WINDOWS\system32;C:\WINDOWS;C:\WINDOWS\System32\Wbem;C:\WINDOWS\System32\WindowsPowerShell\v1.0\;C:\WINDOWS\System32\OpenSSH\;C:\Program Files (x86)\Intel\Intel(R) Management Engine Components\DAL;C:\Program Files\Intel\Intel(R) Management Engine Components\DAL;C:\Program Files (x86)\Intel\Intel(R) Management Engine Components\IPT;C:\Program Files\Intel\Intel(R) Management Engine Components\IPT;C:\Program Files\Java\jdk-12.0.2\bin;C:\TDM-GCC-64\bin;C:\Program Files\MySQL\MySQL Server 8.0\bin;C:\Users\Fzefeng\Anaconda3;C:\Program Files\Common Files\Autodesk Shared\;H:\Me\Android\SDK\platform-tools;C:\Program Files (x86)\GtkSharp\2.12\bin;C:\Users\Fzefeng\anaconda3;C:\Users\Fzefeng\anaconda3\Scripts;C:\Users\Fzefeng\anaconda3\Library\bin;H:\Me\Matlab\bin;C:\Program Files\nodejs\;F:\Git\cmd;E:\IntelliJ IDEA 2020.3\maven3.6\bin;;F:\微信web开发者工具\dll;C:\Users\Fzefeng\AppData\Local\Microsoft\WindowsApps;C:\Users\Fzefeng\AppData\Local\Programs\Microsoft VS Code\bin;C:\AppServ\Apache24\bin;C:\AppServ\php7;C:\AppServ\MySQL\bin;E:\WebStorm 2020.2.3\bin;C:\Users\Fzefeng\AppData\Roaming\npm;E:\IntelliJ IDEA Community Edition 2020.1.4\bin;E:\IntelliJ IDEA 2020.3\bin
USERNAME=Fzefeng
OS=Windows_NT
PROCESSOR_IDENTIFIER=Intel64 Family 6 Model 142 Stepping 9, GenuineIntel



---------------  S Y S T E M  ---------------

OS:
 Windows 10 , 64 bit Build 18362 (10.0.18362.1500)
OS uptime: 7 days 0:34 hours

CPU: total 4 (initial active 4) (2 cores per cpu, 2 threads per core) family 6 model 142 stepping 9 microcode 0xde, cx8, cmov, fxsr, ht, mmx, 3dnowpref, sse, sse2, sse3, ssse3, sse4.1, sse4.2, popcnt, lzcnt, tsc, tscinvbit, avx, avx2, aes, erms, clmul, bmi1, bmi2, adx, fma, vzeroupper, clflush, clflushopt

Memory: 4k page, system-wide physical 8078M (1199M free)
TotalPageFile size 18403M (AvailPageFile size 7M)
current process WorkingSet (physical memory assigned to process): 51M, peak: 138M
current process commit charge ("private bytes"): 153M, peak: 221M

vm_info: OpenJDK 64-Bit Server VM (17.0.2+8) for windows-amd64 JRE (17.0.2+8), built on Jan 20 2022 04:52:34 by "" with MS VC++ 16.7 (VS2019)

END.
